<?xml version="1.0" encoding="UTF-8" standalone="no"?><testsuite errors="1" failures="0" name="Login" skipped="0" tests="1" time="9.72" timestamp="2025-07-22 05:12:09"><testcase name="Successful login with valid credentials"><error message="no such element: Unable to locate element: {&quot;method&quot;:&quot;css selector&quot;,&quot;selector&quot;:&quot;.oxd-alert-content-text&quot;}&#10;  (Session info: chrome=138.0.7204.158)&#10;For documentation on this error, please visit: https://www.selenium.dev/documentation/webdriver/troubleshooting/errors#no-such-element-exception&#10;Build info: version: '4.21.0', revision: '79ed462ef4'&#10;System info: os.name: 'Windows 11', os.arch: 'amd64', os.version: '10.0', java.version: '17.0.11'&#10;Driver info: org.openqa.selenium.chrome.ChromeDriver&#10;Command: [62c0087e3d54d753fc88f07bc5e10913, findElement {using=css selector, value=.oxd-alert-content-text}]&#10;Capabilities {acceptInsecureCerts: true, browserName: chrome, browserVersion: 138.0.7204.158, chrome: {chromedriverVersion: 138.0.7204.168 (3e8d82e86e9..., userDataDir: C:\Users\sboni\AppData\Loca...}, fedcm:accounts: true, goog:chromeOptions: {debuggerAddress: localhost:60866}, networkConnectionEnabled: false, pageLoadStrategy: normal, platformName: windows, proxy: Proxy(), se:cdp: ws://localhost:60866/devtoo..., se:cdpVersion: 138.0.7204.158, setWindowRect: true, strictFileInteractability: false, timeouts: {implicit: 0, pageLoad: 300000, script: 30000}, unhandledPromptBehavior: dismiss and notify, webauthn:extension:credBlob: true, webauthn:extension:largeBlob: true, webauthn:extension:minPinLength: true, webauthn:extension:prf: true, webauthn:virtualAuthenticators: true}&#10;Session ID: 62c0087e3d54d753fc88f07bc5e10913" type="org.openqa.selenium.NoSuchElementException">no such element: Unable to locate element: {"method":"css selector","selector":".oxd-alert-content-text"}
  (Session info: chrome=138.0.7204.158)
For documentation on this error, please visit: https://www.selenium.dev/documentation/webdriver/troubleshooting/errors#no-such-element-exception
Build info: version: '4.21.0', revision: '79ed462ef4'
System info: os.name: 'Windows 11', os.arch: 'amd64', os.version: '10.0', java.version: '17.0.11'
Driver info: org.openqa.selenium.chrome.ChromeDriver
Command: [62c0087e3d54d753fc88f07bc5e10913, findElement {using=css selector, value=.oxd-alert-content-text}]
Capabilities {acceptInsecureCerts: true, browserName: chrome, browserVersion: 138.0.7204.158, chrome: {chromedriverVersion: 138.0.7204.168 (3e8d82e86e9..., userDataDir: C:\Users\sboni\AppData\Loca...}, fedcm:accounts: true, goog:chromeOptions: {debuggerAddress: localhost:60866}, networkConnectionEnabled: false, pageLoadStrategy: normal, platformName: windows, proxy: Proxy(), se:cdp: ws://localhost:60866/devtoo..., se:cdpVersion: 138.0.7204.158, setWindowRect: true, strictFileInteractability: false, timeouts: {implicit: 0, pageLoad: 300000, script: 30000}, unhandledPromptBehavior: dismiss and notify, webauthn:extension:credBlob: true, webauthn:extension:largeBlob: true, webauthn:extension:minPinLength: true, webauthn:extension:prf: true, webauthn:virtualAuthenticators: true}
Session ID: 62c0087e3d54d753fc88f07bc5e10913</error><system-err>no such element: Unable to locate element: {"method":"css selector","selector":".oxd-alert-content-text"}
  (Session info: chrome=138.0.7204.158)
For documentation on this error, please visit: https://www.selenium.dev/documentation/webdriver/troubleshooting/errors#no-such-element-exception
Build info: version: '4.21.0', revision: '79ed462ef4'
System info: os.name: 'Windows 11', os.arch: 'amd64', os.version: '10.0', java.version: '17.0.11'
Driver info: org.openqa.selenium.chrome.ChromeDriver
Command: [62c0087e3d54d753fc88f07bc5e10913, findElement {using=css selector, value=.oxd-alert-content-text}]
Capabilities {acceptInsecureCerts: true, browserName: chrome, browserVersion: 138.0.7204.158, chrome: {chromedriverVersion: 138.0.7204.168 (3e8d82e86e9..., userDataDir: C:\Users\sboni\AppData\Loca...}, fedcm:accounts: true, goog:chromeOptions: {debuggerAddress: localhost:60866}, networkConnectionEnabled: false, pageLoadStrategy: normal, platformName: windows, proxy: Proxy(), se:cdp: ws://localhost:60866/devtoo..., se:cdpVersion: 138.0.7204.158, setWindowRect: true, strictFileInteractability: false, timeouts: {implicit: 0, pageLoad: 300000, script: 30000}, unhandledPromptBehavior: dismiss and notify, webauthn:extension:credBlob: true, webauthn:extension:largeBlob: true, webauthn:extension:minPinLength: true, webauthn:extension:prf: true, webauthn:virtualAuthenticators: true}
Session ID: 62c0087e3d54d753fc88f07bc5e10913&#13;
questions.LoginResult.lambda$message$0(LoginResult.java:9)&#13;
stepdef.LoginStepDefinitions.theyShouldBeRedirectedToTheDashboard(LoginStepDefinitions.java:53)&#13;
worker.org.gradle.process.internal.worker.GradleWorkerMain.run(GradleWorkerMain.java:69)&#13;
worker.org.gradle.process.internal.worker.GradleWorkerMain.main(GradleWorkerMain.java:74)&#13;
</system-err></testcase></testsuite>