<?xml version="1.0" encoding="UTF-8" standalone="no"?><testsuite errors="0" failures="1" name="login" skipped="0" tests="1" time="0.81" timestamp="2025-07-08 04:11:41"><testcase name="Login exitoso"><failure message="&#13;&#10;Expected: &quot;Welcome!&quot;&#13;&#10;     but: was &quot;&quot;" type="java.lang.AssertionError">&#13;
Expected: "Welcome!"&#13;
     but: was ""</failure><system-err>&#13;
Expected: "Welcome!"&#13;
     but: was ""&#13;
stepdef.LoginStepDefinitions.theyShouldBeRedirectedToTheDashboard(LoginStepDefinitions.java:31)&#13;
worker.org.gradle.process.internal.worker.GradleWorkerMain.run(GradleWorkerMain.java:69)&#13;
worker.org.gradle.process.internal.worker.GradleWorkerMain.main(GradleWorkerMain.java:74)&#13;
</system-err></testcase></testsuite>