<?xml version="1.0" encoding="UTF-8" standalone="no"?><testsuite errors="1" failures="0" name="user registration" skipped="0" tests="1" time="29.1" timestamp="2025-09-04 03:16:29"><testcase name="valid registration"><error message="element click intercepted: Element &lt;span class=&quot;chakra-checkbox__control css-vzqo73&quot; aria-hidden=&quot;true&quot;&gt;&lt;/span&gt; is not clickable at point (42, 629). Other element would receive the click: &lt;section class=&quot;Footer-module_footer-bottom__1PSUN&quot; style=&quot;background-color: rgb(212, 216, 221); color: rgb(51, 51, 51);&quot;&gt;...&lt;/section&gt;&#10;  (Session info: chrome=139.0.7258.155)&#10;Build info: version: '4.21.0', revision: '79ed462ef4'&#10;System info: os.name: 'Windows 11', os.arch: 'amd64', os.version: '10.0', java.version: '17.0.11'&#10;Driver info: org.openqa.selenium.chrome.ChromeDriver&#10;Command: [b9b5221ebac85751c0b5e72a5efa368f, clickElement {id=f.3D85CA7DA195F5AEE6159CD5C29FBF35.d.E3A79C86B35DDB65C9F7D2226EE9108C.e.83}]&#10;Capabilities {acceptInsecureCerts: true, browserName: chrome, browserVersion: 139.0.7258.155, chrome: {chromedriverVersion: 139.0.7258.154 (9e0d6b2b47f..., userDataDir: C:\Users\sboni\AppData\Loca...}, fedcm:accounts: true, goog:chromeOptions: {debuggerAddress: localhost:49272}, networkConnectionEnabled: false, pageLoadStrategy: normal, platformName: windows, proxy: Proxy(), se:cdp: ws://localhost:49272/devtoo..., se:cdpVersion: 139.0.7258.155, setWindowRect: true, strictFileInteractability: false, timeouts: {implicit: 0, pageLoad: 300000, script: 30000}, unhandledPromptBehavior: dismiss and notify, webauthn:extension:credBlob: true, webauthn:extension:largeBlob: true, webauthn:extension:minPinLength: true, webauthn:extension:prf: true, webauthn:virtualAuthenticators: true}&#10;Element: [[ChromeDriver: chrome on windows (b9b5221ebac85751c0b5e72a5efa368f)] -&gt; xpath: (//span[contains(@class,'chakra-checkbox__control')])[1]]&#10;Session ID: b9b5221ebac85751c0b5e72a5efa368f" type="org.openqa.selenium.ElementClickInterceptedException">element click intercepted: Element &lt;span class="chakra-checkbox__control css-vzqo73" aria-hidden="true"&gt;&lt;/span&gt; is not clickable at point (42, 629). Other element would receive the click: &lt;section class="Footer-module_footer-bottom__1PSUN" style="background-color: rgb(212, 216, 221); color: rgb(51, 51, 51);"&gt;...&lt;/section&gt;
  (Session info: chrome=139.0.7258.155)
Build info: version: '4.21.0', revision: '79ed462ef4'
System info: os.name: 'Windows 11', os.arch: 'amd64', os.version: '10.0', java.version: '17.0.11'
Driver info: org.openqa.selenium.chrome.ChromeDriver
Command: [b9b5221ebac85751c0b5e72a5efa368f, clickElement {id=f.3D85CA7DA195F5AEE6159CD5C29FBF35.d.E3A79C86B35DDB65C9F7D2226EE9108C.e.83}]
Capabilities {acceptInsecureCerts: true, browserName: chrome, browserVersion: 139.0.7258.155, chrome: {chromedriverVersion: 139.0.7258.154 (9e0d6b2b47f..., userDataDir: C:\Users\sboni\AppData\Loca...}, fedcm:accounts: true, goog:chromeOptions: {debuggerAddress: localhost:49272}, networkConnectionEnabled: false, pageLoadStrategy: normal, platformName: windows, proxy: Proxy(), se:cdp: ws://localhost:49272/devtoo..., se:cdpVersion: 139.0.7258.155, setWindowRect: true, strictFileInteractability: false, timeouts: {implicit: 0, pageLoad: 300000, script: 30000}, unhandledPromptBehavior: dismiss and notify, webauthn:extension:credBlob: true, webauthn:extension:largeBlob: true, webauthn:extension:minPinLength: true, webauthn:extension:prf: true, webauthn:virtualAuthenticators: true}
Element: [[ChromeDriver: chrome on windows (b9b5221ebac85751c0b5e72a5efa368f)] -&gt; xpath: (//span[contains(@class,'chakra-checkbox__control')])[1]]
Session ID: b9b5221ebac85751c0b5e72a5efa368f</error><system-err>element click intercepted: Element &lt;span class="chakra-checkbox__control css-vzqo73" aria-hidden="true"&gt;&lt;/span&gt; is not clickable at point (42, 629). Other element would receive the click: &lt;section class="Footer-module_footer-bottom__1PSUN" style="background-color: rgb(212, 216, 221); color: rgb(51, 51, 51);"&gt;...&lt;/section&gt;
  (Session info: chrome=139.0.7258.155)
Build info: version: '4.21.0', revision: '79ed462ef4'
System info: os.name: 'Windows 11', os.arch: 'amd64', os.version: '10.0', java.version: '17.0.11'
Driver info: org.openqa.selenium.chrome.ChromeDriver
Command: [b9b5221ebac85751c0b5e72a5efa368f, clickElement {id=f.3D85CA7DA195F5AEE6159CD5C29FBF35.d.E3A79C86B35DDB65C9F7D2226EE9108C.e.83}]
Capabilities {acceptInsecureCerts: true, browserName: chrome, browserVersion: 139.0.7258.155, chrome: {chromedriverVersion: 139.0.7258.154 (9e0d6b2b47f..., userDataDir: C:\Users\sboni\AppData\Loca...}, fedcm:accounts: true, goog:chromeOptions: {debuggerAddress: localhost:49272}, networkConnectionEnabled: false, pageLoadStrategy: normal, platformName: windows, proxy: Proxy(), se:cdp: ws://localhost:49272/devtoo..., se:cdpVersion: 139.0.7258.155, setWindowRect: true, strictFileInteractability: false, timeouts: {implicit: 0, pageLoad: 300000, script: 30000}, unhandledPromptBehavior: dismiss and notify, webauthn:extension:credBlob: true, webauthn:extension:largeBlob: true, webauthn:extension:minPinLength: true, webauthn:extension:prf: true, webauthn:virtualAuthenticators: true}
Element: [[ChromeDriver: chrome on windows (b9b5221ebac85751c0b5e72a5efa368f)] -&gt; xpath: (//span[contains(@class,'chakra-checkbox__control')])[1]]
Session ID: b9b5221ebac85751c0b5e72a5efa368f&#13;
tasks.falabella_tasks.AcceptTermsAndConditions.performAs(AcceptTermsAndConditions.java:25)&#13;
stepdef.falabella_stepdef.registersWithValidData.the_user_registers_with_valid_data(registersWithValidData.java:67)&#13;
worker.org.gradle.process.internal.worker.GradleWorkerMain.run(GradleWorkerMain.java:69)&#13;
worker.org.gradle.process.internal.worker.GradleWorkerMain.main(GradleWorkerMain.java:74)&#13;
</system-err></testcase></testsuite>